********************************************************************************
PACKAGE-LOG: 2015-10-18 21:30:10
NOTICE: Do NOT post to public sites or forums 
********************************************************************************
VERSION:	0.5.32
WORDPRESS:	4.3.1
PHP INFO:	5.6.7 | SAPI: apache2handler
SERVER:		Apache/2.2.29 (Unix) mod_wsgi/3.4 Python/2.7.8 PHP/5.6.7 mod_ssl/2.2.29 OpenSSL/0.9.8zg DAV/2 mod_fastcgi/2.4.6 mod_perl/2.0.8 Perl/v5.20.0 
PHP TIME LIMIT: (0) no time limit imposed 
PHP MAX MEMORY: 5000M (128M default) 
MEMORY STACK: 30.25MB 

********************************************************************************
DATABASE:
********************************************************************************
BUILD MODE:   PHP(query limit - 100)
MYSQLTIMEOUT: 5000
MYSQLDUMP:    Not Supported 
TABLES: total:18 | filtered:0 | create:18 
FILTERED: [] 
SQL CREATED: 20151018_takitani_56240f578caaf5880151018212959_database.sql 
file size:872270 
SQL FILE SIZE: 851.83KB 
SQL FILE TIME: 2015-10-18 21:30:10 
SQL RUNTIME: 0.09 sec. 

******************************************************************************** 
ARCHIVE (ZIP): 
******************************************************************************** 
ARCHIVE DIR:  /Applications/MAMP/htdocs/wordpress/takitani 
ARCHIVE FILE: 20151018_takitani_56240f578caaf5880151018212959_archive.zip 
FILTERS: *OFF* 
DIRS:  not set 
EXTS:  not set 
---------------------------------------- 
COMPRESSING 
SIZE:	35.91MB 
STATS:	Dirs 432 | Files 2,444 
SQL ADDED: 20151018_takitani_56240f578caaf5880151018212959_database.sql 
ZipArchive Object
(
    [status] => 0
    [statusSys] => 0
    [numFiles] => 2876
    [filename] => /Applications/MAMP/htdocs/wordpress/takitani/wp-snapshots/tmp/20151018_takitani_56240f578caaf5880151018212959_archive.zip
    [comment] => 
)
 
COMPRESSION RESULT: '1' 
COMPRESSED SIZE: 15.25MB 
ARCHIVE RUNTIME: 9.06 sec. 
MEMORY STACK: 31MB 

******************************************************************************** 
MAKE INSTALLER: 
******************************************************************************** 
Build Start 
Build Finished 
Preping for use 
Template parsed with new data 
Complete [/Applications/MAMP/htdocs/wordpress/takitani/wp-snapshots/tmp/20151018_takitani_56240f578caaf5880151018212959_installer.php] 
Added to archive 

******************************************************************************** 
INTEGRITY CHECKS: 
******************************************************************************** 
SQL File: 851.83KB 
Installer File: 317.98KB 
Archive File: 15.25MB  

********************************************************************************
RECORD ID:[1]
TOTAL PROCESS RUNTIME: 9.76 sec.
PEAK PHP MEMORY USED: 33.5MB
DONE PROCESSING => 20151018_takitani 2015-10-18 21:30:20
 
